MPASM 5.54  /FILES/GIT/MPLAB/SPR-SWITCH.X/SO   5-12-2014  8:38:26         PAGE  1


LOC  OBJECT CODE     LINE SOURCE TEXT
  VALUE

                      00001         list      p=10F200            ; list directive to define processor
                      00002         #include <p10f200.inc>        ; processor specific variable definitions
                      00001         LIST
                      00002 
                      00003 ;==========================================================================
                      00004 ;  MPASM PIC10F200 processor include
                      00005 ; 
                      00006 ;  (c) Copyright 1999-2013 Microchip Technology, All rights reserved
                      00007 ;==========================================================================
                      00008 
                      00151         LIST
                      00003 
0FFF   0FEB           00004     __CONFIG _WDT_OFF & _CP_OFF & _MCLRE_OFF
                      00005 
                      00006 
                      00007     ; GP0 - LED output
                      00008     ; GP1 - SIG output
                      00009     ; GP2 - SIG input
                      00010     ; GP3 - LED config input
                      00011 #define LED_OUT 0
                      00012 #define SIG_OUT 1
                      00013 #define SIG_IN  2
                      00014 #define LED_CNF 3
                      00015 
                      00016 #define TMRMAX .125             ; .125 in TMR0 register equal 500 us @ 4MHz clock and 1:4 pre-scaler
                      00017 
                      00018 ;***** VARIABLE DEFINITIONS
                      00019 TEMP_VAR    UDATA
0000                  00020 tmrActive   RES     1           ; bit 0 = timer is running
0001                  00021 tmrExpired  RES     1           ; bit 0 =
                      00022 
                      00023 ;***** RESET VECTOR
                      00024 RESET_VECTOR    CODE   0xFF
                      00025 
                      00026 ; Internal RC calibration value is placed at location 0xFF by Microchip
                      00027 ; as a movlw k, where the k is a literal value.
                      00028 
                      00029 MAIN    CODE    0x000
0000   0025           00030         movwf   OSCCAL              ; update register with factory cal value
                      00031 
0001   0CC1           00032     movlw   b'11000001'         ; pre-scaler 1:4
                      00033                                 ; pre-scaler assigned to TMR0
                      00034                                 ; increment to low-to-high transition on the T0CLK pin
                      00035                                 ; transition on internal instruction clock, Fosc/4
                      00036                                 ; weak pull-ups disabled
                      00037                                 ; disable wake-up on pin change
0002   0002           00038     OPTION    
                      00039 
                      00040 ;***** MAIN PROGRAM    
0003   0C0C           00041     movlw   b'00001100'         ; set GPIO 2 & 3 inputs, other -- outputs
0004   0006           00042     TRIS    GPIO
0005   0066           00043     clrf    GPIO                ; set all GPIO pins low
                      00044 
MPASM 5.54  /FILES/GIT/MPLAB/SPR-SWITCH.X/SO   5-12-2014  8:38:26         PAGE  2


LOC  OBJECT CODE     LINE SOURCE TEXT
  VALUE

0006   00??           00045     clrf    tmrActive
0007   00??           00046     clrf    tmrExpired
                      00047 
                      00048 ;***** MAIN LOOP
0008                  00049 START   
0008   0646           00050     btfsc   GPIO, SIG_IN
0009   0A??           00051     goto    $+3
000A   09??           00052     call    INPUT_LOW
000B   0A??           00053     goto    $+2
000C   09??           00054     call    INPUT_HIGH
                      00055 
000D   09??           00056     call    SETLED
                      00057 
000E   0A??           00058     goto START
                      00059 
                      00060 ;***** INPUT LOW func
000F                  00061 INPUT_LOW
000F   00??           00062     clrf    tmrExpired
0010   00??           00063     clrf    tmrActive    
0011   0426           00064     bcf     GPIO, SIG_OUT
0012   0800           00065     retlw   0x00
                      00066 
                      00067 ;***** INPUT HIGH func
0013                  00068 INPUT_HIGH
0013   0600           00069     btfsc   tmrExpired, 0
0014   0A??           00070     goto    TIMER_EXPIRED
                      00071 
0015   0600           00072     btfsc   tmrActive, 0
0016   0A??           00073     goto    TIMER_RUNNING
                      00074 
0017   0061           00075     clrf    TMR0
0018   0500           00076     bsf     tmrActive, 0
                      00077 
0019   0800           00078     retlw   0x00
                      00079 
001A                  00080 TIMER_EXPIRED
001A   0526           00081     bsf     GPIO, SIG_OUT
001B   0800           00082     retlw   0x00
                      00083 
001C                  00084 TIMER_RUNNING
001C   0C7D           00085     movlw   TMRMAX
001D   0081           00086     subwf   TMR0, w
001E   0603           00087     btfsc   STATUS, C           ; if TMR0 >= TMRMAX
001F   0500           00088     bsf     tmrExpired, 0
0020   0800           00089     retlw   0x00
                      00090 
                      00091 
                      00092 ;***** SET LED_OUT STATE
0021                  00093 SETLED
0021   0766           00094     btfss   GPIO, LED_CNF
0022   0A??           00095     goto    SETLEDNORM
0023   0A??           00096     goto    SETLEDINV
                      00097 
MPASM 5.54  /FILES/GIT/MPLAB/SPR-SWITCH.X/SO   5-12-2014  8:38:26         PAGE  3


LOC  OBJECT CODE     LINE SOURCE TEXT
  VALUE

0024                  00098 SETLEDNORM
0024   0646           00099     btfsc   GPIO, SIG_IN
0025   0A??           00100     goto    $+3
0026   0406           00101     bcf     GPIO, LED_OUT
0027   0A??           00102     goto    $+2
0028   0506           00103     bsf     GPIO, LED_OUT
0029   0800           00104     retlw   0x00
                      00105 
002A                  00106 SETLEDINV
002A   0746           00107     btfss   GPIO, SIG_IN
002B   0A??           00108     goto    $+3
002C   0406           00109     bcf     GPIO, LED_OUT
002D   0A??           00110     goto    $+2
002E   0506           00111     bsf     GPIO, LED_OUT
002F   0800           00112     retlw   0x00
                      00113 
0FEB                  00114         END                       ; directive 'end of program'
MPASM 5.54  /FILES/GIT/MPLAB/SPR-SWITCH.X/SO   5-12-2014  8:38:26         PAGE  4


SYMBOL TABLE
  LABEL                             VALUE 

C                                 00000000
CAL0                              00000001
CAL1                              00000002
CAL2                              00000003
CAL3                              00000004
CAL4                              00000005
CAL5                              00000006
CAL6                              00000007
DC                                00000001
F                                 00000001
FOSC4                             00000000
FSR                               00000004
GP0                               00000000
GP1                               00000001
GP2                               00000002
GP3                               00000003
GPIO                              00000006
GPWUF                             00000007
INDF                              00000000
INPUT_HIGH                        00000013
INPUT_LOW                         0000000F
LED_CNF                           3
LED_OUT                           0
NOT_GPPU                          00000006
NOT_GPWU                          00000007
NOT_PD                            00000003
NOT_TO                            00000004
OSCCAL                            00000005
PCL                               00000002
PS0                               00000000
PS1                               00000001
PS2                               00000002
PSA                               00000003
SETLED                            00000021
SETLEDINV                         0000002A
SETLEDNORM                        00000024
SIG_IN                            2
SIG_OUT                           1
START                             00000008
STATUS                            00000003
T0CS                              00000005
T0SE                              00000004
TIMER_EXPIRED                     0000001A
TIMER_RUNNING                     0000001C
TMR0                              00000001
TMRMAX                            .125
TRISIO0                           00000000
TRISIO1                           00000001
TRISIO2                           00000002
TRISIO3                           00000003
W                                 00000000
Z                                 00000002
_CONFIG                           00000FFF
MPASM 5.54  /FILES/GIT/MPLAB/SPR-SWITCH.X/SO   5-12-2014  8:38:26         PAGE  5


SYMBOL TABLE
  LABEL                             VALUE 

_CP_OFF                           00000FFF
_CP_ON                            00000FF7
_IDLOC0                           00000100
_IDLOC1                           00000101
_IDLOC2                           00000102
_IDLOC3                           00000103
_IntRC_OSC                        00000FFF
_MAIN_0009                        00000009
_MAIN_000B                        0000000B
_MAIN_0025                        00000025
_MAIN_0027                        00000027
_MAIN_002B                        0000002B
_MAIN_002D                        0000002D
_MCLRE_OFF                        00000FEF
_MCLRE_ON                         00000FFF
_OSC_IntRC                        00000FFF
_WDTE_OFF                         00000FFB
_WDTE_ON                          00000FFF
_WDT_OFF                          00000FFB
_WDT_ON                           00000FFF
__10F200                          00000001
tmrActive                         00000000
tmrExpired                        00000001

Errors   :     0
Warnings :     0 reported,     0 suppressed
Messages :     0 reported,     0 suppressed

